{"/Users/tetiana/warsawjs_workshops/workshop22/warsawjs-workshop-22-code-coverage/src/index.js":{"path":"/Users/tetiana/warsawjs_workshops/workshop22/warsawjs-workshop-22-code-coverage/src/index.js","s":{"1":1,"2":1,"3":1},"b":{},"f":{"1":1,"2":1},"fnMap":{"1":{"name":"(anonymous_1)","line":2,"loc":{"start":{"line":2,"column":7},"end":{"line":2,"column":10}}},"2":{"name":"(anonymous_2)","line":6,"loc":{"start":{"line":6,"column":7},"end":{"line":6,"column":10}}}},"statementMap":{"1":{"start":{"line":1,"column":0},"end":{"line":9,"column":2}},"2":{"start":{"line":3,"column":8},"end":{"line":3,"column":21}},"3":{"start":{"line":7,"column":7},"end":{"line":7,"column":20}}},"branchMap":{}}}